<?xml version="1.0" encoding="UTF-8"?>
<!-- Generated by org.testng.reporters.JUnitReportReporter -->
<testsuite skipped="0" hostname="LNAR-PF0VXJNL" name="com.packt.tests.LogInTest" tests="1" failures="0" timestamp="20 Feb 2019 01:22:47 GMT" time="11.127" errors="0">
  <testcase name="logInTest" time="11.127" classname="com.packt.tests.LogInTest"/>
</testsuite> <!-- com.packt.tests.LogInTest -->
