<?xml version="1.0" encoding="UTF-8"?>
<!-- Generated by org.testng.reporters.JUnitReportReporter -->
<testsuite skipped="0" hostname="LNAR-PF0VXJNL" name="com.packt.tests.LogTest" tests="2" failures="0" timestamp="17 Feb 2019 18:41:42 GMT" time="17.999" errors="0">
  <testcase name="logtest" time="5.688" classname="com.packt.tests.LogTest"/>
  <testcase name="logtest" time="12.311" classname="com.packt.tests.LogTest"/>
</testsuite> <!-- com.packt.tests.LogTest -->
